mode: atomic
finance-ia/main.go:34.13,35.40 1 0
finance-ia/main.go:35.40,37.3 1 0
finance-ia/main.go:39.2,42.16 3 0
finance-ia/main.go:42.16,44.3 1 0
finance-ia/main.go:47.2,47.45 1 0
finance-ia/main.go:47.45,49.3 1 0
finance-ia/main.go:54.2,78.52 16 0
finance-ia/main.go:78.52,80.3 1 0
finance-ia/main.go:83.2,83.100 1 0
finance-ia/main.go:83.100,85.3 1 0
finance-ia/main.go:87.2,97.16 6 0
finance-ia/main.go:97.16,100.3 2 0
finance-ia/main.go:100.8,102.3 1 0
finance-ia/main.go:104.2,105.23 2 0
finance-ia/main.go:105.23,107.3 1 0
finance-ia/main.go:109.2,110.22 2 0
finance-ia/main.go:110.22,112.3 1 0
finance-ia/main.go:117.2,121.58 3 0
finance-ia/main.go:121.58,123.3 1 0
finance-ia/main.go:126.2,126.44 1 0
finance-ia/main.go:126.44,128.3 1 0
finance-ia/main.go:130.2,148.22 5 0
finance-ia/main.go:148.22,150.3 1 0
finance-ia/main.go:152.2,155.37 3 0
finance-ia/main.go:160.57,202.23 2 0
finance-ia/main.go:202.23,203.48 1 0
finance-ia/main.go:203.48,205.4 1 0
finance-ia/main.go:207.2,207.12 1 0
finance-ia/main.go:210.32,211.34 1 0
finance-ia/main.go:211.34,213.3 1 0
finance-ia/main.go:214.2,214.11 1 0
finance-ia/internal/config/database/database.go:15.52,17.16 2 0
finance-ia/internal/config/database/database.go:17.16,19.3 1 0
finance-ia/internal/config/database/database.go:20.2,20.16 1 0
finance-ia/internal/config/database/database.go:23.46,25.16 2 0
finance-ia/internal/config/database/database.go:25.16,28.3 2 0
finance-ia/internal/config/database/database.go:30.2,31.16 2 0
finance-ia/internal/config/database/database.go:31.16,34.3 2 0
finance-ia/internal/config/database/database.go:35.2,38.74 3 0
finance-ia/internal/config/database/database.go:38.74,40.3 1 0
finance-ia/internal/config/database/database.go:42.2,43.13 2 0
finance-ia/internal/config/database/database.go:46.33,56.2 1 0
finance-ia/internal/config/config.go:14.21,20.2 1 0
finance-ia/internal/config/config.go:22.32,25.17 2 0
finance-ia/internal/config/config.go:25.17,27.3 1 0
finance-ia/internal/config/config.go:28.2,28.14 1 0
finance-ia/internal/config/config.go:31.31,33.15 2 0
finance-ia/internal/config/config.go:33.15,35.3 1 0
finance-ia/internal/config/config.go:36.2,36.12 1 0
finance-ia/internal/config/middleware/auth.go:12.32,13.30 1 0
finance-ia/internal/config/middleware/auth.go:13.30,15.23 2 0
finance-ia/internal/config/middleware/auth.go:15.23,19.4 3 0
finance-ia/internal/config/middleware/auth.go:21.3,24.84 3 0
finance-ia/internal/config/middleware/auth.go:24.84,26.4 1 0
finance-ia/internal/config/middleware/auth.go:28.3,28.33 1 0
finance-ia/internal/config/middleware/auth.go:28.33,32.4 3 0
finance-ia/internal/config/middleware/auth.go:34.3,39.60 4 0
finance-ia/internal/config/middleware/auth.go:39.60,41.4 1 0
finance-ia/internal/config/middleware/auth.go:41.9,43.4 1 0
finance-ia/internal/config/middleware/auth.go:45.3,45.11 1 0
finance-ia/internal/config/middleware/cors.go:9.29,10.30 1 0
finance-ia/internal/config/middleware/cors.go:10.30,17.36 6 0
finance-ia/internal/config/middleware/cors.go:17.36,20.4 2 0
finance-ia/internal/config/middleware/cors.go:22.3,22.11 1 0
finance-ia/internal/config/resilience/circuit_breaker.go:17.44,22.2 1 0
finance-ia/internal/config/resilience/circuit_breaker.go:24.109,30.51 1 0
finance-ia/internal/config/resilience/circuit_breaker.go:30.51,34.4 1 0
finance-ia/internal/config/resilience/circuit_breaker.go:35.62,37.4 1 0
finance-ia/internal/config/resilience/circuit_breaker.go:39.2,39.40 1 0
finance-ia/internal/config/resilience/circuit_breaker.go:43.92,45.2 1 0
finance-ia/internal/config/resilience/circuit_breaker.go:48.88,50.2 1 0
finance-ia/internal/config/resilience/idempotency.go:33.46,34.30 1 0
finance-ia/internal/config/resilience/idempotency.go:34.30,36.82 1 0
finance-ia/internal/config/resilience/idempotency.go:36.82,39.4 2 0
finance-ia/internal/config/resilience/idempotency.go:41.3,42.16 2 0
finance-ia/internal/config/resilience/idempotency.go:42.16,45.4 2 0
finance-ia/internal/config/resilience/idempotency.go:48.3,52.51 4 0
finance-ia/internal/config/resilience/idempotency.go:52.51,56.4 3 0
finance-ia/internal/config/resilience/idempotency.go:59.3,65.50 4 0
finance-ia/internal/config/resilience/idempotency.go:65.50,73.4 3 0
finance-ia/internal/config/resilience/idempotency.go:76.3,76.26 1 0
finance-ia/internal/config/resilience/idempotency.go:86.56,89.2 2 0
finance-ia/internal/config/resilience/idempotency.go:91.55,94.2 2 0
finance-ia/internal/config/resilience/idempotency.go:96.62,98.2 1 0
finance-ia/internal/config/resilience/idempotency.go:101.48,103.16 2 0
finance-ia/internal/config/resilience/idempotency.go:103.16,105.3 1 0
finance-ia/internal/config/resilience/idempotency.go:106.2,107.18 2 0
finance-ia/internal/config/resilience/idempotency.go:110.27,114.39 4 0
finance-ia/internal/config/resilience/idempotency.go:114.39,115.29 1 0
finance-ia/internal/config/resilience/idempotency.go:115.29,117.4 1 0
finance-ia/internal/application/usecase/user/usecase.go:14.49,16.2 1 0
finance-ia/internal/application/usecase/user/usecase.go:18.94,20.19 2 0
finance-ia/internal/application/usecase/user/usecase.go:20.19,22.6 1 0
finance-ia/internal/application/usecase/user/usecase.go:23.5,23.75 1 0
finance-ia/internal/application/usecase/user/usecase.go:26.51,28.2 1 0
finance-ia/internal/application/usecase/user/usecase.go:30.66,32.2 1 0
finance-ia/internal/application/usecase/user/usecase.go:34.65,36.2 1 0
finance-ia/internal/application/usecase/user/usecase.go:38.50,40.2 1 0
finance-ia/internal/application/usecase/user/usecase.go:42.50,44.2 1 0
finance-ia/internal/application/usecase/auth/usecase.go:11.49,13.2 1 0
finance-ia/internal/application/usecase/auth/usecase.go:15.72,17.2 1 0
finance-ia/internal/application/usecase/auth/usecase.go:19.67,21.2 1 0
finance-ia/internal/application/usecase/auth/usecase.go:23.56,25.2 1 0
finance-ia/internal/application/usecase/auth/usecase.go:27.51,29.2 1 0
finance-ia/internal/application/usecase/auth/usecase.go:31.55,33.2 1 0
finance-ia/internal/application/usecase/auth/usecase.go:35.67,37.2 1 0
finance-ia/internal/application/usecase/auth/usecase.go:39.75,41.2 1 0
finance-ia/internal/application/usecase/auth/usecase.go:43.60,45.2 1 0
finance-ia/internal/application/usecase/auth/usecase.go:47.47,49.2 1 0
finance-ia/internal/config/observability/middleware.go:11.45,12.30 1 0
finance-ia/internal/config/observability/middleware.go:12.30,15.17 3 0
finance-ia/internal/config/observability/middleware.go:15.17,17.4 1 0
finance-ia/internal/config/observability/middleware.go:19.3,25.76 5 0
finance-ia/internal/domain/auth/service.go:25.101,27.2 1 0
finance-ia/internal/domain/auth/service.go:29.71,30.61 1 0
finance-ia/internal/domain/auth/service.go:30.61,32.3 1 0
finance-ia/internal/domain/auth/service.go:33.2,36.16 3 0
finance-ia/internal/domain/auth/service.go:36.16,38.3 1 0
finance-ia/internal/domain/auth/service.go:39.2,39.95 1 0
finance-ia/internal/domain/auth/service.go:39.95,41.3 1 0
finance-ia/internal/domain/auth/service.go:43.2,43.23 1 0
finance-ia/internal/domain/auth/service.go:43.23,44.17 1 0
finance-ia/internal/domain/auth/service.go:44.17,46.4 1 0
finance-ia/internal/domain/auth/service.go:47.3,47.45 1 0
finance-ia/internal/domain/auth/service.go:47.45,49.4 1 0
finance-ia/internal/domain/auth/service.go:53.2,62.16 4 0
finance-ia/internal/domain/auth/service.go:62.16,64.3 1 0
finance-ia/internal/domain/auth/service.go:65.2,65.25 1 0
finance-ia/internal/domain/auth/service.go:68.66,70.16 2 0
finance-ia/internal/domain/auth/service.go:70.16,72.3 1 0
finance-ia/internal/domain/auth/service.go:74.2,78.16 2 0
finance-ia/internal/domain/auth/service.go:78.16,80.3 1 0
finance-ia/internal/domain/auth/service.go:82.2,84.44 2 0
finance-ia/internal/domain/auth/service.go:84.44,86.3 1 0
finance-ia/internal/domain/auth/service.go:88.2,88.37 1 0
finance-ia/internal/domain/auth/service.go:91.55,93.16 2 0
finance-ia/internal/domain/auth/service.go:93.16,95.3 1 0
finance-ia/internal/domain/auth/service.go:97.2,97.23 1 0
finance-ia/internal/domain/auth/service.go:97.23,99.3 1 0
finance-ia/internal/domain/auth/service.go:101.2,101.28 1 0
finance-ia/internal/domain/auth/service.go:101.28,103.3 1 0
finance-ia/internal/domain/auth/service.go:105.2,106.12 2 0
finance-ia/internal/domain/auth/service.go:106.12,108.3 1 0
finance-ia/internal/domain/auth/service.go:110.2,111.28 2 0
finance-ia/internal/domain/auth/service.go:114.50,116.16 2 0
finance-ia/internal/domain/auth/service.go:116.16,118.3 1 0
finance-ia/internal/domain/auth/service.go:120.2,122.28 3 0
finance-ia/internal/domain/auth/service.go:125.69,126.17 1 0
finance-ia/internal/domain/auth/service.go:126.17,128.3 1 0
finance-ia/internal/domain/auth/service.go:129.2,129.34 1 0
finance-ia/internal/domain/auth/service.go:132.54,133.25 1 0
finance-ia/internal/domain/auth/service.go:133.25,135.3 1 0
finance-ia/internal/domain/auth/service.go:136.2,136.22 1 0
finance-ia/internal/domain/auth/service.go:136.22,138.3 1 0
finance-ia/internal/domain/auth/service.go:139.2,139.28 1 0
finance-ia/internal/domain/auth/service.go:142.73,144.83 2 0
finance-ia/internal/domain/auth/service.go:144.83,145.58 1 0
finance-ia/internal/domain/auth/service.go:145.58,147.4 1 0
finance-ia/internal/domain/auth/service.go:148.3,148.24 1 0
finance-ia/internal/domain/auth/service.go:150.2,150.16 1 0
finance-ia/internal/domain/auth/service.go:150.16,152.3 1 0
finance-ia/internal/domain/auth/service.go:153.2,153.18 1 0
finance-ia/internal/domain/auth/service.go:153.18,155.3 1 0
finance-ia/internal/domain/auth/service.go:156.2,156.19 1 0
finance-ia/internal/domain/auth/service.go:159.52,160.23 1 0
finance-ia/internal/domain/auth/service.go:160.23,162.3 1 0
finance-ia/internal/domain/auth/service.go:164.2,165.80 2 0
finance-ia/internal/domain/auth/service.go:165.80,166.54 1 0
finance-ia/internal/domain/auth/service.go:166.54,168.4 1 0
finance-ia/internal/domain/auth/service.go:169.3,169.24 1 0
finance-ia/internal/domain/auth/service.go:171.2,171.33 1 0
finance-ia/internal/domain/auth/service.go:171.33,173.3 1 0
finance-ia/internal/domain/auth/service.go:175.2,176.9 2 0
finance-ia/internal/domain/auth/service.go:176.9,178.3 1 0
finance-ia/internal/domain/auth/service.go:180.2,181.54 2 0
finance-ia/internal/domain/auth/service.go:181.54,183.3 1 0
finance-ia/internal/domain/auth/service.go:183.8,183.67 1 0
finance-ia/internal/domain/auth/service.go:183.67,185.3 1 0
finance-ia/internal/domain/auth/service.go:185.8,187.3 1 0
finance-ia/internal/domain/auth/service.go:188.2,189.16 2 0
finance-ia/internal/domain/auth/service.go:189.16,191.3 1 0
finance-ia/internal/domain/auth/service.go:193.2,194.47 2 0
finance-ia/internal/domain/auth/service.go:194.47,196.3 1 0
finance-ia/internal/domain/auth/service.go:198.2,198.12 1 0
finance-ia/internal/domain/auth/service.go:201.44,203.40 2 0
finance-ia/internal/domain/auth/service.go:203.40,205.3 1 0
finance-ia/internal/domain/auth/service.go:206.2,206.50 1 0
finance-ia/internal/domain/auth/service.go:209.54,210.17 1 0
finance-ia/internal/domain/auth/service.go:210.17,212.3 1 0
finance-ia/internal/domain/auth/service.go:214.2,215.16 2 0
finance-ia/internal/domain/auth/service.go:215.16,217.3 1 0
finance-ia/internal/domain/auth/service.go:220.2,221.16 2 0
finance-ia/internal/domain/auth/service.go:221.16,223.3 1 0
finance-ia/internal/domain/auth/service.go:226.2,234.68 2 0
finance-ia/internal/domain/auth/service.go:234.68,236.3 1 0
finance-ia/internal/domain/auth/service.go:239.2,239.71 1 0
finance-ia/internal/domain/auth/service.go:239.71,242.3 1 0
finance-ia/internal/domain/auth/service.go:244.2,244.12 1 0
finance-ia/internal/domain/auth/service.go:247.66,248.38 1 0
finance-ia/internal/domain/auth/service.go:248.38,250.3 1 0
finance-ia/internal/domain/auth/service.go:253.2,253.26 1 0
finance-ia/internal/domain/auth/service.go:253.26,255.3 1 0
finance-ia/internal/domain/auth/service.go:258.2,259.16 2 0
finance-ia/internal/domain/auth/service.go:259.16,261.3 1 0
finance-ia/internal/domain/auth/service.go:264.2,264.21 1 0
finance-ia/internal/domain/auth/service.go:264.21,266.3 1 0
finance-ia/internal/domain/auth/service.go:269.2,269.44 1 0
finance-ia/internal/domain/auth/service.go:269.44,271.3 1 0
finance-ia/internal/domain/auth/service.go:273.2,274.16 2 0
finance-ia/internal/domain/auth/service.go:274.16,276.3 1 0
finance-ia/internal/domain/auth/service.go:277.2,281.16 3 0
finance-ia/internal/domain/auth/service.go:281.16,283.3 1 0
finance-ia/internal/domain/auth/service.go:286.2,287.70 2 0
finance-ia/internal/domain/auth/service.go:287.70,289.3 1 0
finance-ia/internal/domain/auth/service.go:292.2,293.70 2 0
finance-ia/internal/domain/auth/service.go:293.70,295.3 1 0
finance-ia/internal/domain/auth/service.go:297.2,297.12 1 0
finance-ia/internal/domain/auth/validation.go:9.46,10.18 1 0
finance-ia/internal/domain/auth/validation.go:10.18,12.4 1 0
finance-ia/internal/domain/auth/validation.go:13.3,14.17 2 0
finance-ia/internal/domain/auth/validation.go:14.17,16.4 1 0
finance-ia/internal/domain/auth/validation.go:17.3,17.13 1 0
finance-ia/internal/domain/auth/validation.go:20.56,21.36 1 0
finance-ia/internal/domain/auth/validation.go:21.36,23.4 1 0
finance-ia/internal/domain/auth/validation.go:24.3,24.52 1 0
finance-ia/internal/domain/auth/validation.go:24.52,26.4 1 0
finance-ia/internal/domain/auth/validation.go:27.3,27.13 1 0
finance-ia/internal/domain/auth/validation.go:30.35,32.2 1 0
finance-ia/internal/domain/user/service.go:13.43,15.2 1 0
finance-ia/internal/domain/user/service.go:17.88,19.49 2 0
finance-ia/internal/domain/user/service.go:19.49,21.3 1 0
finance-ia/internal/domain/user/service.go:23.2,23.44 1 0
finance-ia/internal/domain/user/service.go:23.44,25.3 1 0
finance-ia/internal/domain/user/service.go:26.2,26.18 1 0
finance-ia/internal/domain/user/service.go:29.45,31.16 2 0
finance-ia/internal/domain/user/service.go:31.16,33.3 1 0
finance-ia/internal/domain/user/service.go:34.2,34.21 1 0
finance-ia/internal/domain/user/service.go:34.21,36.3 1 0
finance-ia/internal/domain/user/service.go:37.2,37.19 1 0
finance-ia/internal/domain/user/service.go:40.56,41.20 1 0
finance-ia/internal/domain/user/service.go:41.20,43.6 1 0
finance-ia/internal/domain/user/service.go:44.2,45.16 2 0
finance-ia/internal/domain/user/service.go:45.16,47.3 1 0
finance-ia/internal/domain/user/service.go:48.3,48.19 1 0
finance-ia/internal/domain/user/service.go:51.59,53.2 1 0
finance-ia/internal/domain/user/service.go:55.44,56.25 1 0
finance-ia/internal/domain/user/service.go:56.25,58.3 1 0
finance-ia/internal/domain/user/service.go:59.2,59.46 1 0
finance-ia/internal/domain/user/service.go:59.46,61.3 1 0
finance-ia/internal/domain/user/service.go:62.2,62.28 1 0
finance-ia/internal/domain/user/service.go:65.44,66.25 1 0
finance-ia/internal/domain/user/service.go:66.25,68.3 1 0
finance-ia/internal/domain/user/service.go:69.2,69.28 1 0
finance-ia/internal/domain/user/validation.go:10.43,12.47 2 0
finance-ia/internal/domain/user/validation.go:12.47,14.4 1 0
finance-ia/internal/domain/user/validation.go:15.3,15.13 1 0
finance-ia/internal/domain/user/validation.go:18.46,19.18 1 0
finance-ia/internal/domain/user/validation.go:19.18,21.4 1 0
finance-ia/internal/domain/user/validation.go:22.3,23.17 2 0
finance-ia/internal/domain/user/validation.go:23.17,25.4 1 0
finance-ia/internal/domain/user/validation.go:26.3,26.13 1 0
finance-ia/internal/domain/email/service.go:21.36,29.2 1 0
finance-ia/internal/domain/email/service.go:31.46,32.42 1 0
finance-ia/internal/domain/email/service.go:32.42,34.3 1 0
finance-ia/internal/domain/email/service.go:35.2,35.21 1 0
finance-ia/internal/domain/email/service.go:38.68,55.42 7 0
finance-ia/internal/domain/email/service.go:55.42,57.3 1 0
finance-ia/internal/domain/email/service.go:59.2,60.76 2 0
finance-ia/internal/domain/email/service.go:63.72,135.2 1 0
finance-ia/internal/infrastructure/ai/gemini_provider.go:21.51,23.18 2 0
finance-ia/internal/infrastructure/ai/gemini_provider.go:23.18,25.3 1 0
finance-ia/internal/infrastructure/ai/gemini_provider.go:27.2,32.16 3 0
finance-ia/internal/infrastructure/ai/gemini_provider.go:32.16,34.3 1 0
finance-ia/internal/infrastructure/ai/gemini_provider.go:36.2,39.8 1 0
finance-ia/internal/infrastructure/ai/gemini_provider.go:43.90,47.16 3 0
finance-ia/internal/infrastructure/ai/gemini_provider.go:47.16,49.3 1 0
finance-ia/internal/infrastructure/ai/gemini_provider.go:51.2,55.8 1 0
finance-ia/internal/infrastructure/ai/gemini_provider.go:59.97,83.28 3 0
finance-ia/internal/infrastructure/ai/gemini_provider.go:83.28,85.17 2 0
finance-ia/internal/infrastructure/ai/gemini_provider.go:85.17,86.12 1 0
finance-ia/internal/infrastructure/ai/gemini_provider.go:88.3,92.5 1 0
finance-ia/internal/infrastructure/ai/gemini_provider.go:95.2,95.22 1 0
finance-ia/internal/infrastructure/ai/gemini_provider.go:98.66,108.16 4 0
finance-ia/internal/infrastructure/ai/gemini_provider.go:108.16,110.3 1 0
finance-ia/internal/infrastructure/ai/gemini_provider.go:112.2,112.33 1 0
finance-ia/internal/infrastructure/ai/gemini_provider.go:112.33,114.3 1 0
finance-ia/internal/infrastructure/ai/gemini_provider.go:116.2,117.58 2 0
finance-ia/internal/infrastructure/ai/gemini_provider.go:117.58,118.22 1 0
finance-ia/internal/infrastructure/ai/gemini_provider.go:118.22,120.4 1 0
finance-ia/internal/infrastructure/ai/gemini_provider.go:123.2,123.37 1 0
finance-ia/internal/infrastructure/ai/gemini_provider.go:126.61,155.2 1 0
finance-ia/internal/infrastructure/ai/gemini_provider.go:157.66,182.2 1 0
finance-ia/internal/infrastructure/ai/gemini_provider.go:184.65,206.2 1 0
finance-ia/internal/infrastructure/ai/gemini_provider.go:208.60,226.2 1 0
finance-ia/internal/infrastructure/ai/gemini_provider.go:228.55,229.20 1 0
finance-ia/internal/infrastructure/ai/gemini_provider.go:229.20,231.3 1 0
finance-ia/internal/infrastructure/ai/gemini_provider.go:232.2,233.25 2 0
finance-ia/internal/infrastructure/ai/gemini_provider.go:233.25,235.3 1 0
finance-ia/internal/infrastructure/ai/gemini_provider.go:236.2,236.20 1 0
finance-ia/internal/infrastructure/ai/gemini_provider.go:239.50,240.22 1 0
finance-ia/internal/infrastructure/ai/gemini_provider.go:240.22,242.3 1 0
finance-ia/internal/infrastructure/ai/gemini_provider.go:243.2,244.27 2 0
finance-ia/internal/infrastructure/ai/gemini_provider.go:244.27,246.3 1 0
finance-ia/internal/infrastructure/ai/gemini_provider.go:247.2,247.20 1 0
finance-ia/internal/domain/subscription/entity.go:59.48,60.14 1 0
finance-ia/internal/domain/subscription/entity.go:61.17,79.4 1 0
finance-ia/internal/domain/subscription/entity.go:80.13,98.4 1 0
finance-ia/internal/domain/subscription/entity.go:99.10,115.4 1 0
finance-ia/internal/infrastructure/cache/redis_client.go:28.43,30.15 2 0
finance-ia/internal/infrastructure/cache/redis_client.go:30.15,32.3 1 0
finance-ia/internal/infrastructure/cache/redis_client.go:34.2,35.16 2 0
finance-ia/internal/infrastructure/cache/redis_client.go:35.16,37.3 1 0
finance-ia/internal/infrastructure/cache/redis_client.go:39.2,44.47 4 0
finance-ia/internal/infrastructure/cache/redis_client.go:44.47,46.3 1 0
finance-ia/internal/infrastructure/cache/redis_client.go:48.2,48.41 1 0
finance-ia/internal/infrastructure/cache/redis_client.go:51.75,53.22 2 0
finance-ia/internal/infrastructure/cache/redis_client.go:53.22,55.3 1 0
finance-ia/internal/infrastructure/cache/redis_client.go:56.2,56.17 1 0
finance-ia/internal/infrastructure/cache/redis_client.go:59.91,61.2 1 0
finance-ia/internal/infrastructure/cache/redis_client.go:63.69,65.2 1 0
finance-ia/internal/infrastructure/cache/redis_client.go:67.76,70.2 2 0
finance-ia/internal/infrastructure/cache/redis_client.go:72.75,74.2 1 0
finance-ia/internal/infrastructure/cache/redis_client.go:76.87,78.2 1 0
finance-ia/internal/infrastructure/cache/redis_client.go:83.70,85.2 1 0
finance-ia/internal/infrastructure/cache/redis_client.go:86.80,86.94 1 0
finance-ia/internal/infrastructure/cache/redis_client.go:87.80,87.94 1 0
finance-ia/internal/infrastructure/cache/redis_client.go:88.80,88.101 1 0
finance-ia/internal/infrastructure/cache/redis_client.go:89.80,89.97 1 0
finance-ia/internal/infrastructure/cache/redis_client.go:90.80,90.94 1 0
finance-ia/internal/infrastructure/database/auth/auth_repository.go:19.53,21.2 1 0
finance-ia/internal/infrastructure/database/auth/auth_repository.go:24.82,26.71 2 0
finance-ia/internal/infrastructure/database/auth/auth_repository.go:26.71,28.3 1 0
finance-ia/internal/infrastructure/database/auth/auth_repository.go:29.2,29.28 1 0
finance-ia/internal/infrastructure/database/auth/auth_repository.go:32.79,34.65 2 0
finance-ia/internal/infrastructure/database/auth/auth_repository.go:34.65,35.45 1 0
finance-ia/internal/infrastructure/database/auth/auth_repository.go:35.45,37.4 1 0
finance-ia/internal/infrastructure/database/auth/auth_repository.go:38.3,38.18 1 0
finance-ia/internal/infrastructure/database/auth/auth_repository.go:40.2,40.28 1 0
finance-ia/internal/infrastructure/database/auth/auth_repository.go:45.63,52.2 1 0
finance-ia/internal/infrastructure/database/auth/auth_repository.go:54.72,56.71 2 0
finance-ia/internal/infrastructure/database/auth/auth_repository.go:56.71,58.3 1 0
finance-ia/internal/infrastructure/database/auth/auth_repository.go:59.2,59.21 1 0
finance-ia/internal/infrastructure/database/auth/auth_repository.go:63.73,65.16 2 0
finance-ia/internal/infrastructure/database/auth/auth_repository.go:65.16,67.3 1 0
finance-ia/internal/infrastructure/database/auth/auth_repository.go:68.2,70.43 1 0
finance-ia/internal/infrastructure/database/auth/auth_repository.go:73.59,75.2 1 0
finance-ia/internal/infrastructure/database/auth/auth_repository.go:77.80,79.83 2 0
finance-ia/internal/infrastructure/database/auth/auth_repository.go:79.83,80.58 1 0
finance-ia/internal/infrastructure/database/auth/auth_repository.go:80.58,82.4 1 0
finance-ia/internal/infrastructure/database/auth/auth_repository.go:83.3,83.24 1 0
finance-ia/internal/infrastructure/database/auth/auth_repository.go:85.2,85.16 1 0
finance-ia/internal/infrastructure/database/auth/auth_repository.go:85.16,87.3 1 0
finance-ia/internal/infrastructure/database/auth/auth_repository.go:88.2,88.18 1 0
finance-ia/internal/infrastructure/database/auth/auth_repository.go:88.18,90.3 1 0
finance-ia/internal/infrastructure/database/auth/auth_repository.go:91.2,91.19 1 0
finance-ia/internal/infrastructure/database/auth/auth_repository.go:94.49,96.2 1 0
finance-ia/internal/infrastructure/database/auth/auth_repository.go:99.58,109.2 1 0
finance-ia/internal/infrastructure/database/finance/budget_repository.go:15.57,17.2 1 0
finance-ia/internal/infrastructure/database/finance/budget_repository.go:19.65,27.2 1 0
finance-ia/internal/infrastructure/database/finance/budget_repository.go:29.106,31.102 2 0
finance-ia/internal/infrastructure/database/finance/budget_repository.go:31.102,33.3 1 0
finance-ia/internal/infrastructure/database/finance/budget_repository.go:34.2,34.21 1 0
finance-ia/internal/infrastructure/database/finance/category_repository.go:14.61,16.2 1 0
finance-ia/internal/infrastructure/database/finance/category_repository.go:18.66,20.2 1 0
finance-ia/internal/infrastructure/database/finance/category_repository.go:22.80,24.61 2 0
finance-ia/internal/infrastructure/database/finance/category_repository.go:24.61,26.3 1 0
finance-ia/internal/infrastructure/database/finance/category_repository.go:27.2,27.18 1 0
finance-ia/internal/infrastructure/database/finance/category_repository.go:31.89,34.19 3 0
finance-ia/internal/infrastructure/database/finance/category_repository.go:34.19,36.3 1 0
finance-ia/internal/infrastructure/database/finance/category_repository.go:37.2,37.83 1 0
finance-ia/internal/infrastructure/database/finance/category_repository.go:37.83,39.3 1 0
finance-ia/internal/infrastructure/database/finance/category_repository.go:40.2,40.18 1 0
finance-ia/internal/infrastructure/database/finance/category_repository.go:43.66,45.2 1 0
finance-ia/internal/infrastructure/database/finance/category_repository.go:47.75,50.2 1 0
finance-ia/internal/infrastructure/database/finance/category_repository.go:53.51,72.26 2 0
finance-ia/internal/infrastructure/database/finance/category_repository.go:72.26,75.3 1 0
finance-ia/internal/infrastructure/database/finance/category_repository.go:76.2,76.12 1 0
finance-ia/internal/infrastructure/database/finance/postgres_financial_method_repository.go:16.90,18.2 1 0
finance-ia/internal/infrastructure/database/finance/postgres_financial_method_repository.go:20.88,22.79 2 0
finance-ia/internal/infrastructure/database/finance/postgres_financial_method_repository.go:22.79,24.3 1 0
finance-ia/internal/infrastructure/database/finance/postgres_financial_method_repository.go:26.2,27.25 2 0
finance-ia/internal/infrastructure/database/finance/postgres_financial_method_repository.go:27.25,29.3 1 0
finance-ia/internal/infrastructure/database/finance/postgres_financial_method_repository.go:30.2,30.20 1 0
finance-ia/internal/infrastructure/database/finance/postgres_financial_method_repository.go:33.102,35.64 2 0
finance-ia/internal/infrastructure/database/finance/postgres_financial_method_repository.go:35.64,36.45 1 0
finance-ia/internal/infrastructure/database/finance/postgres_financial_method_repository.go:36.45,38.4 1 0
finance-ia/internal/infrastructure/database/finance/postgres_financial_method_repository.go:39.3,39.18 1 0
finance-ia/internal/infrastructure/database/finance/postgres_financial_method_repository.go:41.2,41.21 1 0
finance-ia/internal/infrastructure/database/finance/postgres_financial_method_repository.go:44.101,46.66 2 0
finance-ia/internal/infrastructure/database/finance/postgres_financial_method_repository.go:46.66,47.45 1 0
finance-ia/internal/infrastructure/database/finance/postgres_financial_method_repository.go:47.45,49.4 1 0
finance-ia/internal/infrastructure/database/finance/postgres_financial_method_repository.go:50.3,50.18 1 0
finance-ia/internal/infrastructure/database/finance/postgres_financial_method_repository.go:52.2,52.21 1 0
finance-ia/internal/infrastructure/database/finance/postgres_financial_method_repository.go:55.91,57.2 1 0
finance-ia/internal/infrastructure/database/finance/postgres_financial_method_repository.go:59.66,162.28 2 0
finance-ia/internal/infrastructure/database/finance/postgres_financial_method_repository.go:162.28,165.36 3 0
finance-ia/internal/infrastructure/database/finance/postgres_financial_method_repository.go:165.36,166.48 1 0
finance-ia/internal/infrastructure/database/finance/postgres_financial_method_repository.go:166.48,168.5 1 0
finance-ia/internal/infrastructure/database/finance/postgres_financial_method_repository.go:169.9,169.24 1 0
finance-ia/internal/infrastructure/database/finance/postgres_financial_method_repository.go:169.24,181.4 1 0
finance-ia/internal/infrastructure/database/finance/postgres_financial_method_repository.go:183.2,183.12 1 0
finance-ia/internal/infrastructure/database/finance/transaction_repository.go:16.67,18.2 1 0
finance-ia/internal/infrastructure/database/finance/transaction_repository.go:20.71,22.2 1 0
finance-ia/internal/infrastructure/database/finance/transaction_repository.go:24.86,26.80 2 0
finance-ia/internal/infrastructure/database/finance/transaction_repository.go:26.80,28.3 1 0
finance-ia/internal/infrastructure/database/finance/transaction_repository.go:29.2,29.17 1 0
finance-ia/internal/infrastructure/database/finance/transaction_repository.go:32.117,37.24 2 0
finance-ia/internal/infrastructure/database/finance/transaction_repository.go:37.24,39.3 1 0
finance-ia/internal/infrastructure/database/finance/transaction_repository.go:40.2,40.30 1 0
finance-ia/internal/infrastructure/database/finance/transaction_repository.go:40.30,42.3 1 0
finance-ia/internal/infrastructure/database/finance/transaction_repository.go:43.2,43.29 1 0
finance-ia/internal/infrastructure/database/finance/transaction_repository.go:43.29,45.3 1 0
finance-ia/internal/infrastructure/database/finance/transaction_repository.go:46.2,46.27 1 0
finance-ia/internal/infrastructure/database/finance/transaction_repository.go:46.27,48.3 1 0
finance-ia/internal/infrastructure/database/finance/transaction_repository.go:50.2,51.50 2 0
finance-ia/internal/infrastructure/database/finance/transaction_repository.go:51.50,53.3 1 0
finance-ia/internal/infrastructure/database/finance/transaction_repository.go:55.2,56.16 2 0
finance-ia/internal/infrastructure/database/finance/transaction_repository.go:56.16,58.3 1 0
finance-ia/internal/infrastructure/database/finance/transaction_repository.go:60.2,65.32 2 0
finance-ia/internal/infrastructure/database/finance/transaction_repository.go:65.32,67.3 1 0
finance-ia/internal/infrastructure/database/finance/transaction_repository.go:69.2,69.24 1 0
finance-ia/internal/infrastructure/database/finance/transaction_repository.go:72.118,77.32 2 0
finance-ia/internal/infrastructure/database/finance/transaction_repository.go:77.32,79.3 1 0
finance-ia/internal/infrastructure/database/finance/transaction_repository.go:80.2,80.17 1 0
finance-ia/internal/infrastructure/database/finance/transaction_repository.go:83.71,85.2 1 0
finance-ia/internal/infrastructure/database/finance/transaction_repository.go:87.78,89.2 1 0
finance-ia/internal/infrastructure/database/finance/transaction_repository.go:91.96,93.80 2 0
finance-ia/internal/infrastructure/database/finance/transaction_repository.go:93.80,95.3 1 0
finance-ia/internal/infrastructure/database/finance/transaction_repository.go:96.2,96.17 1 0
finance-ia/internal/infrastructure/database/subscription/plan_repository.go:13.53,15.2 1 0
finance-ia/internal/infrastructure/database/subscription/plan_repository.go:17.66,19.104 2 0
finance-ia/internal/infrastructure/database/subscription/plan_repository.go:19.104,21.3 1 0
finance-ia/internal/infrastructure/database/subscription/plan_repository.go:23.2,23.26 1 0
finance-ia/internal/infrastructure/database/subscription/plan_repository.go:23.26,25.3 1 0
finance-ia/internal/infrastructure/database/subscription/plan_repository.go:26.2,26.19 1 0
finance-ia/internal/infrastructure/database/subscription/plan_repository.go:29.78,31.72 2 0
finance-ia/internal/infrastructure/database/subscription/plan_repository.go:31.72,33.3 1 0
finance-ia/internal/infrastructure/database/subscription/plan_repository.go:34.2,35.19 2 0
finance-ia/internal/infrastructure/database/subscription/plan_repository.go:38.64,40.2 1 0
finance-ia/internal/infrastructure/database/subscription/plan_repository.go:42.44,43.14 1 0
finance-ia/internal/infrastructure/database/subscription/plan_repository.go:44.13,54.4 1 0
finance-ia/internal/infrastructure/database/subscription/plan_repository.go:55.17,65.4 1 0
finance-ia/internal/infrastructure/database/subscription/plan_repository.go:66.10,73.4 1 0
finance-ia/internal/infrastructure/database/subscription/subscription_repository.go:15.69,17.2 1 0
finance-ia/internal/infrastructure/database/subscription/subscription_repository.go:19.79,28.2 1 0
finance-ia/internal/infrastructure/database/subscription/subscription_repository.go:30.101,32.76 2 0
finance-ia/internal/infrastructure/database/subscription/subscription_repository.go:32.76,34.3 1 0
finance-ia/internal/infrastructure/database/subscription/subscription_repository.go:35.2,35.18 1 0
finance-ia/internal/infrastructure/database/subscription/subscription_repository.go:38.106,40.84 2 0
finance-ia/internal/infrastructure/database/subscription/subscription_repository.go:40.84,42.3 1 0
finance-ia/internal/infrastructure/database/subscription/subscription_repository.go:43.2,43.18 1 0
finance-ia/internal/infrastructure/database/email/token_repository.go:21.46,23.2 1 0
finance-ia/internal/infrastructure/database/email/token_repository.go:30.55,32.2 1 0
finance-ia/internal/infrastructure/database/email/token_repository.go:34.75,35.20 1 0
finance-ia/internal/infrastructure/database/email/token_repository.go:35.20,37.3 1 0
finance-ia/internal/infrastructure/database/email/token_repository.go:38.2,38.30 1 0
finance-ia/internal/infrastructure/database/email/token_repository.go:38.30,40.3 1 0
finance-ia/internal/infrastructure/database/email/token_repository.go:42.2,43.21 2 0
finance-ia/internal/infrastructure/database/email/token_repository.go:46.85,51.53 3 0
finance-ia/internal/infrastructure/database/email/token_repository.go:51.53,53.3 1 0
finance-ia/internal/infrastructure/database/email/token_repository.go:55.2,55.25 1 0
finance-ia/internal/infrastructure/database/email/token_repository.go:55.25,57.3 1 0
finance-ia/internal/infrastructure/database/email/token_repository.go:59.2,59.24 1 0
finance-ia/internal/infrastructure/database/email/token_repository.go:62.77,68.25 2 0
finance-ia/internal/infrastructure/database/email/token_repository.go:68.25,70.3 1 0
finance-ia/internal/infrastructure/database/email/token_repository.go:72.2,72.30 1 0
finance-ia/internal/infrastructure/database/email/token_repository.go:72.30,74.3 1 0
finance-ia/internal/infrastructure/database/email/token_repository.go:76.2,76.12 1 0
finance-ia/internal/infrastructure/database/email/token_repository.go:79.55,88.2 3 0
finance-ia/internal/infrastructure/database/email/token_repository.go:91.85,99.2 3 0
finance-ia/internal/infrastructure/database/email/token_repository.go:102.69,108.2 2 0
finance-ia/internal/infrastructure/database/ai/insight_repository.go:15.59,17.2 1 0
finance-ia/internal/infrastructure/database/ai/insight_repository.go:19.63,21.2 1 0
finance-ia/internal/infrastructure/database/ai/insight_repository.go:23.102,28.37 2 0
finance-ia/internal/infrastructure/database/ai/insight_repository.go:28.37,30.3 1 0
finance-ia/internal/infrastructure/database/ai/insight_repository.go:31.2,31.22 1 0
finance-ia/internal/infrastructure/database/ai/insight_repository.go:34.105,38.35 2 0
finance-ia/internal/infrastructure/database/ai/insight_repository.go:38.35,40.3 1 0
finance-ia/internal/infrastructure/database/ai/insight_repository.go:41.2,41.19 1 0
finance-ia/internal/infrastructure/database/user/user_repository.go:14.53,16.2 1 0
finance-ia/internal/infrastructure/database/user/user_repository.go:18.53,20.2 1 0
finance-ia/internal/infrastructure/database/user/user_repository.go:22.69,24.49 2 0
finance-ia/internal/infrastructure/database/user/user_repository.go:24.49,26.3 1 0
finance-ia/internal/infrastructure/database/user/user_repository.go:27.2,27.16 1 0
finance-ia/internal/infrastructure/database/user/user_repository.go:30.58,32.48 2 0
finance-ia/internal/infrastructure/database/user/user_repository.go:32.48,34.3 1 0
finance-ia/internal/infrastructure/database/user/user_repository.go:35.2,35.21 1 0
finance-ia/internal/infrastructure/database/user/user_repository.go:35.21,37.3 1 0
finance-ia/internal/infrastructure/database/user/user_repository.go:38.2,38.19 1 0
finance-ia/internal/infrastructure/database/user/user_repository.go:41.72,43.71 2 0
finance-ia/internal/infrastructure/database/user/user_repository.go:43.71,45.3 1 0
finance-ia/internal/infrastructure/database/user/user_repository.go:46.2,46.16 1 0
finance-ia/internal/infrastructure/database/user/user_repository.go:49.53,51.2 1 0
finance-ia/internal/infrastructure/database/user/user_repository.go:53.53,55.2 1 0
finance-ia/internal/infrastructure/payment/stripe/adapter.go:26.28,31.2 2 0
finance-ia/internal/infrastructure/payment/stripe/adapter.go:33.110,50.28 2 0
finance-ia/internal/infrastructure/payment/stripe/adapter.go:50.28,52.35 2 0
finance-ia/internal/infrastructure/payment/stripe/adapter.go:52.35,54.4 1 0
finance-ia/internal/infrastructure/payment/stripe/adapter.go:57.2,58.16 2 0
finance-ia/internal/infrastructure/payment/stripe/adapter.go:58.16,60.3 1 0
finance-ia/internal/infrastructure/payment/stripe/adapter.go:62.2,65.8 1 0
finance-ia/internal/infrastructure/payment/stripe/adapter.go:68.107,75.16 3 0
finance-ia/internal/infrastructure/payment/stripe/adapter.go:75.16,77.3 1 0
finance-ia/internal/infrastructure/payment/stripe/adapter.go:79.2,79.47 1 0
finance-ia/internal/infrastructure/payment/stripe/adapter.go:82.70,89.16 3 0
finance-ia/internal/infrastructure/payment/stripe/adapter.go:89.16,91.3 1 0
finance-ia/internal/infrastructure/payment/stripe/adapter.go:93.2,93.18 1 0
finance-ia/internal/infrastructure/payment/stripe/adapter.go:96.89,98.16 2 0
finance-ia/internal/infrastructure/payment/stripe/adapter.go:98.16,100.3 1 0
finance-ia/internal/infrastructure/payment/stripe/adapter.go:102.2,103.29 2 0
finance-ia/internal/infrastructure/payment/stripe/adapter.go:103.29,105.3 1 0
finance-ia/internal/infrastructure/payment/stripe/adapter.go:107.2,114.8 1 0
finance-ia/internal/infrastructure/payment/stripe/adapter.go:117.63,122.16 3 0
finance-ia/internal/infrastructure/payment/stripe/adapter.go:122.16,124.3 1 0
finance-ia/internal/infrastructure/payment/stripe/adapter.go:125.2,125.12 1 0
finance-ia/internal/infrastructure/payment/stripe/adapter.go:128.102,130.16 2 0
finance-ia/internal/infrastructure/payment/stripe/adapter.go:130.16,132.3 1 0
finance-ia/internal/infrastructure/payment/stripe/adapter.go:134.2,136.20 2 0
finance-ia/internal/infrastructure/payment/stripe/adapter.go:137.36,139.60 2 0
finance-ia/internal/infrastructure/payment/stripe/adapter.go:139.60,141.4 1 0
finance-ia/internal/infrastructure/payment/stripe/adapter.go:142.3,143.24 2 0
finance-ia/internal/infrastructure/payment/stripe/adapter.go:143.24,145.4 1 0
finance-ia/internal/infrastructure/payment/stripe/adapter.go:146.3,147.28 2 0
finance-ia/internal/infrastructure/payment/stripe/adapter.go:147.28,149.4 1 0
finance-ia/internal/infrastructure/payment/stripe/adapter.go:150.3,152.24 3 0
finance-ia/internal/infrastructure/payment/stripe/adapter.go:152.24,155.4 2 0
finance-ia/internal/infrastructure/payment/stripe/adapter.go:156.3,163.5 1 0
finance-ia/internal/infrastructure/payment/stripe/adapter.go:165.39,167.62 2 0
finance-ia/internal/infrastructure/payment/stripe/adapter.go:167.62,169.4 1 0
finance-ia/internal/infrastructure/payment/stripe/adapter.go:170.3,171.30 2 0
finance-ia/internal/infrastructure/payment/stripe/adapter.go:171.30,173.4 1 0
finance-ia/internal/infrastructure/payment/stripe/adapter.go:174.3,175.26 2 0
finance-ia/internal/infrastructure/payment/stripe/adapter.go:175.26,177.4 1 0
finance-ia/internal/infrastructure/payment/stripe/adapter.go:178.3,184.5 1 0
finance-ia/internal/infrastructure/payment/stripe/adapter.go:186.39,188.62 2 0
finance-ia/internal/infrastructure/payment/stripe/adapter.go:188.62,190.4 1 0
finance-ia/internal/infrastructure/payment/stripe/adapter.go:191.3,192.26 2 0
finance-ia/internal/infrastructure/payment/stripe/adapter.go:192.26,194.4 1 0
finance-ia/internal/infrastructure/payment/stripe/adapter.go:195.3,200.5 1 0
finance-ia/internal/infrastructure/payment/stripe/adapter.go:203.2,203.20 1 0
finance-ia/internal/infrastructure/payment/stripe/adapter.go:206.83,214.18 5 0
finance-ia/internal/infrastructure/payment/stripe/adapter.go:214.18,224.3 2 0
finance-ia/internal/infrastructure/payment/stripe/adapter.go:225.2,225.35 1 0
finance-ia/internal/infrastructure/payment/stripe/adapter.go:225.35,227.3 1 0
finance-ia/internal/infrastructure/payment/stripe/adapter.go:228.2,228.20 1 0
finance-ia/internal/infrastructure/payment/stripe/adapter.go:233.99,241.18 4 0
finance-ia/internal/infrastructure/payment/stripe/adapter.go:241.18,244.30 3 0
finance-ia/internal/infrastructure/payment/stripe/adapter.go:244.30,246.4 1 0
finance-ia/internal/infrastructure/payment/stripe/adapter.go:247.3,248.26 2 0
finance-ia/internal/infrastructure/payment/stripe/adapter.go:248.26,250.4 1 0
finance-ia/internal/infrastructure/payment/stripe/adapter.go:251.3,259.5 1 0
finance-ia/internal/infrastructure/payment/stripe/adapter.go:261.2,261.35 1 0
finance-ia/internal/infrastructure/payment/stripe/adapter.go:261.35,263.3 1 0
finance-ia/internal/infrastructure/payment/stripe/adapter.go:264.2,264.20 1 0
finance-ia/internal/infrastructure/payment/stripe/adapter.go:269.45,270.17 1 0
finance-ia/internal/infrastructure/payment/stripe/adapter.go:271.83,272.19 1 0
finance-ia/internal/infrastructure/payment/stripe/adapter.go:273.75,274.15 1 0
finance-ia/internal/infrastructure/payment/stripe/adapter.go:275.10,276.16 1 0
finance-ia/internal/infrastructure/queue/rabbitmq_client.go:35.35,37.15 2 0
finance-ia/internal/infrastructure/queue/rabbitmq_client.go:37.15,39.3 1 0
finance-ia/internal/infrastructure/queue/rabbitmq_client.go:41.2,42.16 2 0
finance-ia/internal/infrastructure/queue/rabbitmq_client.go:42.16,44.3 1 0
finance-ia/internal/infrastructure/queue/rabbitmq_client.go:46.2,47.16 2 0
finance-ia/internal/infrastructure/queue/rabbitmq_client.go:47.16,50.3 2 0
finance-ia/internal/infrastructure/queue/rabbitmq_client.go:52.2,61.27 3 0
finance-ia/internal/infrastructure/queue/rabbitmq_client.go:61.27,62.48 1 0
finance-ia/internal/infrastructure/queue/rabbitmq_client.go:62.48,64.4 1 0
finance-ia/internal/infrastructure/queue/rabbitmq_client.go:67.2,67.20 1 0
finance-ia/internal/infrastructure/queue/rabbitmq_client.go:70.50,80.2 2 0
finance-ia/internal/infrastructure/queue/rabbitmq_client.go:83.88,85.16 2 0
finance-ia/internal/infrastructure/queue/rabbitmq_client.go:85.16,87.3 1 0
finance-ia/internal/infrastructure/queue/rabbitmq_client.go:89.2,102.3 3 0
finance-ia/internal/infrastructure/queue/rabbitmq_client.go:107.74,117.16 2 0
finance-ia/internal/infrastructure/queue/rabbitmq_client.go:117.16,119.3 1 0
finance-ia/internal/infrastructure/queue/rabbitmq_client.go:121.2,121.12 1 0
finance-ia/internal/infrastructure/queue/rabbitmq_client.go:121.12,122.23 1 0
finance-ia/internal/infrastructure/queue/rabbitmq_client.go:122.23,123.42 1 0
finance-ia/internal/infrastructure/queue/rabbitmq_client.go:123.42,126.5 2 0
finance-ia/internal/infrastructure/queue/rabbitmq_client.go:126.10,128.5 1 0
finance-ia/internal/infrastructure/queue/rabbitmq_client.go:132.2,132.12 1 0
finance-ia/internal/infrastructure/queue/rabbitmq_client.go:136.26,137.22 1 0
finance-ia/internal/infrastructure/queue/rabbitmq_client.go:137.22,139.3 1 0
finance-ia/internal/infrastructure/queue/rabbitmq_client.go:140.2,140.19 1 0
finance-ia/internal/infrastructure/queue/rabbitmq_client.go:140.19,142.3 1 0
finance-ia/internal/interfaces/handlers/ai/ai_handler.go:17.86,19.2 1 0
finance-ia/internal/interfaces/handlers/ai/ai_handler.go:21.67,23.2 2 0
finance-ia/internal/interfaces/handlers/ai/ai_handler.go:23.2,27.3 3 0
finance-ia/internal/interfaces/handlers/ai/ai_handler.go:30.48,36.16 4 0
finance-ia/internal/interfaces/handlers/ai/ai_handler.go:36.16,39.3 2 0
finance-ia/internal/interfaces/handlers/ai/ai_handler.go:41.2,42.16 2 0
finance-ia/internal/interfaces/handlers/ai/ai_handler.go:42.16,43.41 1 0
finance-ia/internal/interfaces/handlers/ai/ai_handler.go:43.41,49.4 2 0
finance-ia/internal/interfaces/handlers/ai/ai_handler.go:50.3,51.9 2 0
finance-ia/internal/interfaces/handlers/ai/ai_handler.go:54.2,54.32 1 0
finance-ia/internal/interfaces/handlers/ai/ai_handler.go:57.53,62.16 4 0
finance-ia/internal/interfaces/handlers/ai/ai_handler.go:62.16,65.3 2 0
finance-ia/internal/interfaces/handlers/ai/ai_handler.go:67.2,68.16 2 0
finance-ia/internal/interfaces/handlers/ai/ai_handler.go:68.16,69.46 1 0
finance-ia/internal/interfaces/handlers/ai/ai_handler.go:69.46,75.4 2 0
finance-ia/internal/interfaces/handlers/ai/ai_handler.go:76.3,77.9 2 0
finance-ia/internal/interfaces/handlers/ai/ai_handler.go:80.2,80.52 1 0
finance-ia/internal/interfaces/handlers/ai/ai_handler.go:83.52,87.16 3 0
finance-ia/internal/interfaces/handlers/ai/ai_handler.go:87.16,90.3 2 0
finance-ia/internal/interfaces/handlers/ai/ai_handler.go:92.2,96.4 1 0
finance-ia/internal/interfaces/handlers/ai/ai_handler.go:99.104,101.16 2 0
finance-ia/internal/interfaces/handlers/ai/ai_handler.go:101.16,103.3 1 0
finance-ia/internal/interfaces/handlers/ai/ai_handler.go:105.2,115.47 2 0
finance-ia/internal/interfaces/handlers/ai/ai_handler.go:115.47,121.3 1 0
finance-ia/internal/interfaces/handlers/ai/ai_handler.go:123.2,123.42 1 0
finance-ia/internal/interfaces/handlers/ai/ai_handler.go:123.42,129.3 1 0
finance-ia/internal/interfaces/handlers/ai/ai_handler.go:131.2,131.17 1 0
finance-ia/internal/interfaces/handlers/ai/ai_handler.go:134.42,138.2 3 0
finance-ia/internal/interfaces/handlers/ai/ai_handler.go:140.37,142.43 2 0
finance-ia/internal/interfaces/handlers/ai/ai_handler.go:142.43,144.3 1 0
finance-ia/internal/interfaces/handlers/ai/ai_handler.go:145.2,145.15 1 0
finance-ia/internal/utils/response.go:14.88,20.2 1 0
finance-ia/internal/utils/response.go:22.66,27.2 1 0
finance-ia/internal/router/router.go:18.58,22.15 3 0
finance-ia/internal/router/router.go:22.15,24.3 1 0
finance-ia/internal/router/router.go:25.2,25.13 1 0
finance-ia/internal/router/router.go:26.23,27.29 1 0
finance-ia/internal/router/router.go:28.17,29.31 1 0
finance-ia/internal/router/router.go:32.2,33.14 2 0
finance-ia/internal/router/router.go:33.14,34.75 1 0
finance-ia/internal/router/router.go:34.75,36.4 1 0
finance-ia/internal/router/router.go:37.8,39.54 2 0
finance-ia/internal/router/router.go:39.54,41.4 1 0
finance-ia/internal/router/router.go:43.2,50.33 6 0
finance-ia/internal/router/router.go:50.33,52.3 1 0
finance-ia/internal/router/router.go:54.2,54.45 1 0
finance-ia/internal/router/router.go:54.45,54.83 1 0
finance-ia/internal/router/router.go:56.2,56.10 1 0
finance-ia/internal/interfaces/handlers/finance/behavior_handler.go:16.70,18.2 1 0
finance-ia/internal/interfaces/handlers/finance/behavior_handler.go:20.73,23.2 2 0
finance-ia/internal/interfaces/handlers/finance/behavior_handler.go:27.55,31.40 3 0
finance-ia/internal/interfaces/handlers/finance/behavior_handler.go:31.40,37.3 2 0
finance-ia/internal/interfaces/handlers/finance/behavior_handler.go:39.2,41.16 3 0
finance-ia/internal/interfaces/handlers/finance/behavior_handler.go:41.16,44.3 2 0
finance-ia/internal/interfaces/handlers/finance/behavior_handler.go:46.2,47.16 2 0
finance-ia/internal/interfaces/handlers/finance/behavior_handler.go:47.16,50.3 2 0
finance-ia/internal/interfaces/handlers/finance/behavior_handler.go:52.2,52.33 1 0
finance-ia/internal/interfaces/handlers/finance/finance_handler.go:17.73,19.2 1 0
finance-ia/internal/interfaces/handlers/finance/finance_handler.go:21.72,23.2 2 0
finance-ia/internal/interfaces/handlers/finance/finance_handler.go:23.2,34.3 10 0
finance-ia/internal/interfaces/handlers/finance/finance_handler.go:47.60,51.47 3 0
finance-ia/internal/interfaces/handlers/finance/finance_handler.go:51.47,54.3 2 0
finance-ia/internal/interfaces/handlers/finance/finance_handler.go:56.2,66.20 2 0
finance-ia/internal/interfaces/handlers/finance/finance_handler.go:66.20,67.63 1 0
finance-ia/internal/interfaces/handlers/finance/finance_handler.go:67.63,69.4 1 0
finance-ia/internal/interfaces/handlers/finance/finance_handler.go:72.2,72.27 1 0
finance-ia/internal/interfaces/handlers/finance/finance_handler.go:72.27,73.60 1 0
finance-ia/internal/interfaces/handlers/finance/finance_handler.go:73.60,75.4 1 0
finance-ia/internal/interfaces/handlers/finance/finance_handler.go:79.2,79.93 1 0
finance-ia/internal/interfaces/handlers/finance/finance_handler.go:79.93,81.3 1 0
finance-ia/internal/interfaces/handlers/finance/finance_handler.go:83.2,83.63 1 0
finance-ia/internal/interfaces/handlers/finance/finance_handler.go:83.63,86.3 2 0
finance-ia/internal/interfaces/handlers/finance/finance_handler.go:88.2,88.32 1 0
finance-ia/internal/interfaces/handlers/finance/finance_handler.go:100.60,103.16 3 0
finance-ia/internal/interfaces/handlers/finance/finance_handler.go:103.16,106.3 2 0
finance-ia/internal/interfaces/handlers/finance/finance_handler.go:108.2,109.47 2 0
finance-ia/internal/interfaces/handlers/finance/finance_handler.go:109.47,112.3 2 0
finance-ia/internal/interfaces/handlers/finance/finance_handler.go:114.2,121.20 2 0
finance-ia/internal/interfaces/handlers/finance/finance_handler.go:121.20,122.63 1 0
finance-ia/internal/interfaces/handlers/finance/finance_handler.go:122.63,124.4 1 0
finance-ia/internal/interfaces/handlers/finance/finance_handler.go:127.2,127.27 1 0
finance-ia/internal/interfaces/handlers/finance/finance_handler.go:127.27,128.60 1 0
finance-ia/internal/interfaces/handlers/finance/finance_handler.go:128.60,130.4 1 0
finance-ia/internal/interfaces/handlers/finance/finance_handler.go:133.2,134.16 2 0
finance-ia/internal/interfaces/handlers/finance/finance_handler.go:134.16,137.3 2 0
finance-ia/internal/interfaces/handlers/finance/finance_handler.go:139.2,139.34 1 0
finance-ia/internal/interfaces/handlers/finance/finance_handler.go:142.59,151.66 3 0
finance-ia/internal/interfaces/handlers/finance/finance_handler.go:151.66,153.3 1 0
finance-ia/internal/interfaces/handlers/finance/finance_handler.go:154.2,154.67 1 0
finance-ia/internal/interfaces/handlers/finance/finance_handler.go:154.67,156.3 1 0
finance-ia/internal/interfaces/handlers/finance/finance_handler.go:157.2,157.35 1 0
finance-ia/internal/interfaces/handlers/finance/finance_handler.go:157.35,160.3 2 0
finance-ia/internal/interfaces/handlers/finance/finance_handler.go:161.2,161.52 1 0
finance-ia/internal/interfaces/handlers/finance/finance_handler.go:161.52,162.51 1 0
finance-ia/internal/interfaces/handlers/finance/finance_handler.go:162.51,164.4 1 0
finance-ia/internal/interfaces/handlers/finance/finance_handler.go:166.2,166.41 1 0
finance-ia/internal/interfaces/handlers/finance/finance_handler.go:166.41,167.56 1 0
finance-ia/internal/interfaces/handlers/finance/finance_handler.go:167.56,169.4 1 0
finance-ia/internal/interfaces/handlers/finance/finance_handler.go:171.2,171.39 1 0
finance-ia/internal/interfaces/handlers/finance/finance_handler.go:171.39,172.56 1 0
finance-ia/internal/interfaces/handlers/finance/finance_handler.go:172.56,174.4 1 0
finance-ia/internal/interfaces/handlers/finance/finance_handler.go:177.2,178.16 2 0
finance-ia/internal/interfaces/handlers/finance/finance_handler.go:178.16,181.3 2 0
finance-ia/internal/interfaces/handlers/finance/finance_handler.go:183.2,188.4 1 0
finance-ia/internal/interfaces/handlers/finance/finance_handler.go:191.60,194.16 3 0
finance-ia/internal/interfaces/handlers/finance/finance_handler.go:194.16,197.3 2 0
finance-ia/internal/interfaces/handlers/finance/finance_handler.go:199.2,199.71 1 0
finance-ia/internal/interfaces/handlers/finance/finance_handler.go:199.71,202.3 2 0
finance-ia/internal/interfaces/handlers/finance/finance_handler.go:204.2,204.64 1 0
finance-ia/internal/interfaces/handlers/finance/finance_handler.go:207.57,210.16 3 0
finance-ia/internal/interfaces/handlers/finance/finance_handler.go:210.16,213.3 2 0
finance-ia/internal/interfaces/handlers/finance/finance_handler.go:214.2,214.29 1 0
finance-ia/internal/interfaces/handlers/finance/finance_handler.go:217.63,219.16 2 0
finance-ia/internal/interfaces/handlers/finance/finance_handler.go:219.16,222.3 2 0
finance-ia/internal/interfaces/handlers/finance/finance_handler.go:223.2,223.32 1 0
finance-ia/internal/interfaces/handlers/finance/finance_handler.go:233.57,236.47 3 0
finance-ia/internal/interfaces/handlers/finance/finance_handler.go:236.47,239.3 2 0
finance-ia/internal/interfaces/handlers/finance/finance_handler.go:241.2,250.61 2 0
finance-ia/internal/interfaces/handlers/finance/finance_handler.go:250.61,253.3 2 0
finance-ia/internal/interfaces/handlers/finance/finance_handler.go:255.2,255.33 1 0
finance-ia/internal/interfaces/handlers/finance/finance_handler.go:258.52,261.16 3 0
finance-ia/internal/interfaces/handlers/finance/finance_handler.go:261.16,264.3 2 0
finance-ia/internal/interfaces/handlers/finance/finance_handler.go:265.2,265.31 1 0
finance-ia/internal/interfaces/handlers/finance/finance_handler.go:275.55,278.47 3 0
finance-ia/internal/interfaces/handlers/finance/finance_handler.go:278.47,281.3 2 0
finance-ia/internal/interfaces/handlers/finance/finance_handler.go:284.2,284.79 1 0
finance-ia/internal/interfaces/handlers/finance/finance_handler.go:284.79,288.3 3 0
finance-ia/internal/interfaces/handlers/finance/finance_handler.go:290.2,299.62 2 0
finance-ia/internal/interfaces/handlers/finance/finance_handler.go:299.62,302.3 2 0
finance-ia/internal/interfaces/handlers/finance/finance_handler.go:304.2,304.31 1 0
finance-ia/internal/interfaces/handlers/finance/finance_handler.go:307.55,310.16 3 0
finance-ia/internal/interfaces/handlers/finance/finance_handler.go:310.16,313.3 2 0
finance-ia/internal/interfaces/handlers/finance/finance_handler.go:314.2,314.32 1 0
finance-ia/internal/interfaces/handlers/finance/finance_handler.go:317.42,321.2 3 0
finance-ia/internal/workers/ai_worker.go:33.13,39.2 1 0
finance-ia/internal/workers/ai_worker.go:41.28,43.78 2 0
finance-ia/internal/workers/ai_worker.go:43.78,45.3 1 0
finance-ia/internal/workers/ai_worker.go:48.46,50.51 2 0
finance-ia/internal/workers/ai_worker.go:50.51,52.3 1 0
finance-ia/internal/workers/ai_worker.go:54.2,55.16 2 0
finance-ia/internal/workers/ai_worker.go:55.16,57.3 1 0
finance-ia/internal/workers/ai_worker.go:59.2,64.16 4 0
finance-ia/internal/workers/ai_worker.go:64.16,66.3 1 0
finance-ia/internal/workers/ai_worker.go:68.2,78.47 2 0
finance-ia/internal/workers/ai_worker.go:78.47,84.3 1 0
finance-ia/internal/workers/ai_worker.go:87.2,88.18 2 0
finance-ia/internal/workers/ai_worker.go:88.18,90.3 1 0
finance-ia/internal/workers/ai_worker.go:92.2,97.16 5 0
finance-ia/internal/workers/ai_worker.go:97.16,100.3 2 0
finance-ia/internal/workers/ai_worker.go:102.2,103.12 2 0
finance-ia/internal/workers/notification_worker.go:17.61,19.2 1 0
finance-ia/internal/workers/notification_worker.go:22.85,26.6 3 0
finance-ia/internal/workers/notification_worker.go:26.6,27.10 1 0
finance-ia/internal/workers/notification_worker.go:28.21,30.10 2 0
finance-ia/internal/workers/notification_worker.go:31.19,32.34 1 0
finance-ia/internal/workers/notification_worker.go:37.59,45.48 3 0
finance-ia/internal/workers/notification_worker.go:45.48,48.3 2 0
finance-ia/internal/workers/notification_worker.go:50.2,50.29 1 0
finance-ia/internal/workers/notification_worker.go:50.29,53.28 2 0
finance-ia/internal/workers/notification_worker.go:53.28,56.4 1 0
finance-ia/internal/workers/report_worker.go:17.49,19.2 1 0
finance-ia/internal/workers/report_worker.go:22.74,27.6 3 0
finance-ia/internal/workers/report_worker.go:27.6,28.10 1 0
finance-ia/internal/workers/report_worker.go:29.21,31.10 2 0
finance-ia/internal/workers/report_worker.go:32.19,33.29 1 0
finance-ia/internal/workers/report_worker.go:33.29,35.5 1 0
finance-ia/internal/workers/report_worker.go:40.60,46.48 4 0
finance-ia/internal/workers/report_worker.go:46.48,49.3 2 0
finance-ia/internal/workers/report_worker.go:51.2,51.29 1 0
finance-ia/internal/workers/report_worker.go:51.29,53.3 1 0
finance-ia/internal/workers/report_worker.go:56.96,78.2 2 0
finance-ia/internal/domain/finance/behavior.go:13.82,18.16 4 6
finance-ia/internal/domain/finance/behavior.go:18.16,20.3 1 0
finance-ia/internal/domain/finance/behavior.go:22.2,22.19 1 6
finance-ia/internal/domain/finance/behavior.go:22.19,24.3 1 1
finance-ia/internal/domain/finance/behavior.go:26.2,46.25 12 5
finance-ia/internal/domain/finance/behavior.go:46.25,47.39 1 114
finance-ia/internal/domain/finance/behavior.go:47.39,49.12 2 2
finance-ia/internal/domain/finance/behavior.go:52.3,57.16 5 112
finance-ia/internal/domain/finance/behavior.go:57.16,60.4 2 24
finance-ia/internal/domain/finance/behavior.go:60.9,63.4 2 88
finance-ia/internal/domain/finance/behavior.go:66.3,66.40 1 112
finance-ia/internal/domain/finance/behavior.go:66.40,69.4 2 69
finance-ia/internal/domain/finance/behavior.go:72.3,72.25 1 112
finance-ia/internal/domain/finance/behavior.go:72.25,74.43 2 15
finance-ia/internal/domain/finance/behavior.go:74.43,77.5 2 2
finance-ia/internal/domain/finance/behavior.go:78.4,78.50 1 15
finance-ia/internal/domain/finance/behavior.go:82.2,88.22 5 5
finance-ia/internal/domain/finance/behavior.go:88.22,90.3 1 4
finance-ia/internal/domain/finance/behavior.go:91.2,91.23 1 5
finance-ia/internal/domain/finance/behavior.go:91.23,93.3 1 5
finance-ia/internal/domain/finance/behavior.go:94.2,94.20 1 5
finance-ia/internal/domain/finance/behavior.go:94.20,96.3 1 5
finance-ia/internal/domain/finance/behavior.go:99.2,100.18 2 5
finance-ia/internal/domain/finance/behavior.go:100.18,102.3 1 5
finance-ia/internal/domain/finance/behavior.go:105.2,107.38 3 5
finance-ia/internal/domain/finance/behavior.go:107.38,109.26 2 35
finance-ia/internal/domain/finance/behavior.go:109.26,111.4 1 30
finance-ia/internal/domain/finance/behavior.go:112.3,112.22 1 35
finance-ia/internal/domain/finance/behavior.go:112.22,115.4 2 10
finance-ia/internal/domain/finance/behavior.go:117.2,121.26 3 5
finance-ia/internal/domain/finance/behavior.go:121.26,125.26 3 2
finance-ia/internal/domain/finance/behavior.go:125.26,126.40 1 67
finance-ia/internal/domain/finance/behavior.go:126.40,127.13 1 2
finance-ia/internal/domain/finance/behavior.go:129.4,130.40 2 65
finance-ia/internal/domain/finance/behavior.go:130.40,132.31 2 65
finance-ia/internal/domain/finance/behavior.go:132.31,134.11 2 9
finance-ia/internal/domain/finance/behavior.go:137.4,137.21 1 65
finance-ia/internal/domain/finance/behavior.go:137.21,140.5 2 9
finance-ia/internal/domain/finance/behavior.go:140.10,143.5 2 56
finance-ia/internal/domain/finance/behavior.go:146.3,148.20 3 2
finance-ia/internal/domain/finance/behavior.go:148.20,150.4 1 2
finance-ia/internal/domain/finance/behavior.go:151.3,151.21 1 2
finance-ia/internal/domain/finance/behavior.go:151.21,153.4 1 2
finance-ia/internal/domain/finance/behavior.go:155.3,155.31 1 2
finance-ia/internal/domain/finance/behavior.go:155.31,158.4 2 2
finance-ia/internal/domain/finance/behavior.go:162.2,165.43 3 5
finance-ia/internal/domain/finance/behavior.go:165.43,168.27 3 2
finance-ia/internal/domain/finance/behavior.go:168.27,170.19 2 2
finance-ia/internal/domain/finance/behavior.go:170.19,178.5 1 1
finance-ia/internal/domain/finance/behavior.go:183.2,184.42 2 5
finance-ia/internal/domain/finance/behavior.go:184.42,186.3 1 1
finance-ia/internal/domain/finance/behavior.go:187.2,187.42 1 5
finance-ia/internal/domain/finance/behavior.go:187.42,189.3 1 1
finance-ia/internal/domain/finance/behavior.go:190.2,190.37 1 5
finance-ia/internal/domain/finance/behavior.go:190.37,192.3 1 2
finance-ia/internal/domain/finance/behavior.go:193.2,193.43 1 5
finance-ia/internal/domain/finance/behavior.go:193.43,195.3 1 1
finance-ia/internal/domain/finance/behavior.go:196.2,196.42 1 5
finance-ia/internal/domain/finance/behavior.go:196.42,198.3 1 3
finance-ia/internal/domain/finance/behavior.go:200.2,200.9 1 5
finance-ia/internal/domain/finance/behavior.go:201.22,203.115 2 0
finance-ia/internal/domain/finance/behavior.go:204.22,206.132 2 2
finance-ia/internal/domain/finance/behavior.go:207.10,209.94 2 3
finance-ia/internal/domain/finance/behavior.go:212.2,212.22 1 5
finance-ia/internal/domain/finance/behavior.go:215.34,217.2 1 15
finance-ia/internal/domain/finance/financial_method.go:35.58,37.22 2 0
finance-ia/internal/domain/finance/financial_method.go:37.22,39.3 1 0
finance-ia/internal/domain/finance/financial_method.go:40.2,40.15 1 0
finance-ia/internal/domain/finance/financial_method.go:44.57,53.2 2 0
finance-ia/internal/domain/finance/service.go:18.156,25.2 1 28
finance-ia/internal/domain/finance/service.go:29.60,30.27 1 7
finance-ia/internal/domain/finance/service.go:30.27,32.3 1 1
finance-ia/internal/domain/finance/service.go:33.2,33.20 1 6
finance-ia/internal/domain/finance/service.go:33.20,35.3 1 2
finance-ia/internal/domain/finance/service.go:36.2,36.75 1 4
finance-ia/internal/domain/finance/service.go:36.75,38.3 1 1
finance-ia/internal/domain/finance/service.go:39.2,39.22 1 3
finance-ia/internal/domain/finance/service.go:39.22,41.3 1 1
finance-ia/internal/domain/finance/service.go:44.2,44.29 1 3
finance-ia/internal/domain/finance/service.go:44.29,46.36 2 1
finance-ia/internal/domain/finance/service.go:46.36,49.4 2 1
finance-ia/internal/domain/finance/service.go:52.2,52.28 1 2
finance-ia/internal/domain/finance/service.go:55.93,56.31 1 2
finance-ia/internal/domain/finance/service.go:56.31,58.3 1 1
finance-ia/internal/domain/finance/service.go:59.2,59.23 1 1
finance-ia/internal/domain/finance/service.go:59.23,61.3 1 1
finance-ia/internal/domain/finance/service.go:62.2,62.36 1 1
finance-ia/internal/domain/finance/service.go:65.113,67.35 2 0
finance-ia/internal/domain/finance/service.go:67.35,69.3 1 0
finance-ia/internal/domain/finance/service.go:70.2,70.31 1 0
finance-ia/internal/domain/finance/service.go:70.31,72.3 1 0
finance-ia/internal/domain/finance/service.go:74.2,74.25 1 0
finance-ia/internal/domain/finance/service.go:74.25,76.3 1 0
finance-ia/internal/domain/finance/service.go:77.2,77.85 1 0
finance-ia/internal/domain/finance/service.go:77.85,79.3 1 0
finance-ia/internal/domain/finance/service.go:81.2,86.28 6 0
finance-ia/internal/domain/finance/service.go:86.28,88.3 1 0
finance-ia/internal/domain/finance/service.go:90.2,91.16 2 0
finance-ia/internal/domain/finance/service.go:91.16,93.3 1 0
finance-ia/internal/domain/finance/service.go:94.2,94.22 1 0
finance-ia/internal/domain/finance/service.go:97.75,99.2 1 0
finance-ia/internal/domain/finance/service.go:103.72,105.2 1 0
finance-ia/internal/domain/finance/service.go:107.63,109.2 1 0
finance-ia/internal/domain/finance/service.go:111.55,112.20 1 2
finance-ia/internal/domain/finance/service.go:112.20,114.3 1 1
finance-ia/internal/domain/finance/service.go:115.2,115.35 1 1
finance-ia/internal/domain/finance/service.go:120.69,121.25 1 0
finance-ia/internal/domain/finance/service.go:121.25,123.3 1 0
finance-ia/internal/domain/finance/service.go:124.2,124.28 1 0
finance-ia/internal/domain/finance/service.go:127.54,128.31 1 3
finance-ia/internal/domain/finance/service.go:128.31,130.3 1 1
finance-ia/internal/domain/finance/service.go:131.2,131.29 1 2
finance-ia/internal/domain/finance/service.go:131.29,133.3 1 1
finance-ia/internal/domain/finance/service.go:135.2,138.36 4 1
finance-ia/internal/domain/finance/service.go:141.71,144.2 2 8
finance-ia/internal/domain/finance/service.go:148.84,154.16 5 8
finance-ia/internal/domain/finance/service.go:154.16,156.3 1 0
finance-ia/internal/domain/finance/service.go:158.2,161.34 3 8
finance-ia/internal/domain/finance/service.go:161.34,162.39 1 14
finance-ia/internal/domain/finance/service.go:162.39,164.4 1 7
finance-ia/internal/domain/finance/service.go:164.9,166.50 2 7
finance-ia/internal/domain/finance/service.go:166.50,167.53 1 0
finance-ia/internal/domain/finance/service.go:167.53,173.6 1 0
finance-ia/internal/domain/finance/service.go:174.5,174.54 1 0
finance-ia/internal/domain/finance/service.go:179.2,183.21 3 8
finance-ia/internal/domain/finance/service.go:183.21,185.3 1 7
finance-ia/internal/domain/finance/service.go:188.2,189.36 2 8
finance-ia/internal/domain/finance/service.go:189.36,190.24 1 0
finance-ia/internal/domain/finance/service.go:190.24,192.4 1 0
finance-ia/internal/domain/finance/service.go:193.3,193.37 1 0
finance-ia/internal/domain/finance/service.go:197.2,202.17 4 8
finance-ia/internal/domain/finance/service.go:202.17,205.3 2 2
finance-ia/internal/domain/finance/service.go:205.8,205.30 1 6
finance-ia/internal/domain/finance/service.go:205.30,207.39 2 5
finance-ia/internal/domain/finance/service.go:207.39,209.17 2 5
finance-ia/internal/domain/finance/service.go:209.17,211.5 1 4
finance-ia/internal/domain/finance/service.go:216.2,232.8 3 8
finance-ia/internal/domain/finance/service.go:235.91,239.35 3 8
finance-ia/internal/domain/finance/service.go:239.35,245.17 5 48
finance-ia/internal/domain/finance/service.go:245.17,246.12 1 0
finance-ia/internal/domain/finance/service.go:249.3,250.26 2 48
finance-ia/internal/domain/finance/service.go:250.26,251.40 1 14
finance-ia/internal/domain/finance/service.go:251.40,253.5 1 7
finance-ia/internal/domain/finance/service.go:253.10,255.5 1 7
finance-ia/internal/domain/finance/service.go:257.3,261.5 1 48
finance-ia/internal/domain/finance/service.go:263.2,263.20 1 8
finance-ia/internal/domain/finance/service.go:266.69,270.9 2 8
finance-ia/internal/domain/finance/service.go:271.25,272.15 1 2
finance-ia/internal/domain/finance/service.go:273.25,274.15 1 1
finance-ia/internal/domain/finance/service.go:275.25,276.15 1 1
finance-ia/internal/domain/finance/service.go:277.24,278.13 1 2
finance-ia/internal/domain/finance/service.go:279.10,280.15 1 2
finance-ia/internal/domain/finance/service.go:284.2,284.16 1 8
finance-ia/internal/domain/finance/service.go:284.16,286.26 2 7
finance-ia/internal/domain/finance/service.go:286.26,288.4 1 1
finance-ia/internal/domain/finance/service.go:288.9,288.33 1 6
finance-ia/internal/domain/finance/service.go:288.33,290.4 1 2
finance-ia/internal/domain/finance/service.go:290.9,290.30 1 4
finance-ia/internal/domain/finance/service.go:290.30,292.4 1 2
finance-ia/internal/domain/finance/service.go:295.2,295.15 1 8
finance-ia/internal/domain/finance/service.go:295.15,297.3 1 0
finance-ia/internal/domain/finance/service.go:298.2,298.18 1 8
finance-ia/internal/domain/finance/service.go:298.18,300.3 1 0
finance-ia/internal/domain/finance/service.go:301.2,301.14 1 8
finance-ia/internal/domain/finance/service.go:304.43,305.9 1 8
finance-ia/internal/domain/finance/service.go:306.20,307.20 1 2
finance-ia/internal/domain/finance/service.go:308.20,309.19 1 1
finance-ia/internal/domain/finance/service.go:310.20,311.16 1 1
finance-ia/internal/domain/finance/service.go:312.20,313.17 1 2
finance-ia/internal/domain/finance/service.go:314.10,315.18 1 2
finance-ia/internal/domain/ai/service.go:22.78,27.2 1 9
finance-ia/internal/domain/ai/service.go:30.103,35.76 3 6
finance-ia/internal/domain/ai/service.go:35.76,37.3 1 1
finance-ia/internal/domain/ai/service.go:40.2,41.15 2 5
finance-ia/internal/domain/ai/service.go:41.15,44.17 3 3
finance-ia/internal/domain/ai/service.go:44.17,46.4 1 0
finance-ia/internal/domain/ai/service.go:47.3,47.28 1 3
finance-ia/internal/domain/ai/service.go:47.28,49.4 1 1
finance-ia/internal/domain/ai/service.go:53.2,57.16 4 4
finance-ia/internal/domain/ai/service.go:57.16,59.3 1 1
finance-ia/internal/domain/ai/service.go:61.2,67.20 5 3
finance-ia/internal/domain/ai/service.go:67.20,69.3 1 1
finance-ia/internal/domain/ai/service.go:69.8,71.3 1 2
finance-ia/internal/domain/ai/service.go:73.2,73.52 1 3
finance-ia/internal/domain/ai/service.go:73.52,75.3 1 0
finance-ia/internal/domain/ai/service.go:77.2,77.21 1 3
finance-ia/internal/domain/ai/service.go:81.110,82.20 1 3
finance-ia/internal/domain/ai/service.go:82.20,84.3 1 1
finance-ia/internal/domain/ai/service.go:86.2,90.16 4 2
finance-ia/internal/domain/ai/service.go:90.16,92.3 1 0
finance-ia/internal/domain/ai/service.go:94.2,94.35 1 2
finance-ia/internal/domain/ai/service.go:94.35,101.3 6 2
finance-ia/internal/domain/ai/service.go:103.2,103.22 1 2
finance-ia/internal/interfaces/handlers/auth/auth_handler.go:14.56,16.2 1 6
finance-ia/internal/interfaces/handlers/auth/auth_handler.go:18.69,26.2 7 0
finance-ia/internal/interfaces/handlers/auth/auth_handler.go:28.45,34.47 2 3
finance-ia/internal/interfaces/handlers/auth/auth_handler.go:34.47,37.3 2 1
finance-ia/internal/interfaces/handlers/auth/auth_handler.go:39.2,40.16 2 2
finance-ia/internal/interfaces/handlers/auth/auth_handler.go:40.16,41.36 1 1
finance-ia/internal/interfaces/handlers/auth/auth_handler.go:41.36,44.4 2 0
finance-ia/internal/interfaces/handlers/auth/auth_handler.go:45.3,46.9 2 1
finance-ia/internal/interfaces/handlers/auth/auth_handler.go:49.2,49.17 1 1
finance-ia/internal/interfaces/handlers/auth/auth_handler.go:49.17,52.3 2 0
finance-ia/internal/interfaces/handlers/auth/auth_handler.go:54.2,58.4 1 1
finance-ia/internal/interfaces/handlers/auth/auth_handler.go:61.54,64.47 2 1
finance-ia/internal/interfaces/handlers/auth/auth_handler.go:64.47,70.3 2 0
finance-ia/internal/interfaces/handlers/auth/auth_handler.go:72.2,72.60 1 1
finance-ia/internal/interfaces/handlers/auth/auth_handler.go:72.60,78.3 2 0
finance-ia/internal/interfaces/handlers/auth/auth_handler.go:80.2,82.4 1 1
finance-ia/internal/interfaces/handlers/auth/auth_handler.go:85.53,88.47 2 2
finance-ia/internal/interfaces/handlers/auth/auth_handler.go:88.47,94.3 2 1
finance-ia/internal/interfaces/handlers/auth/auth_handler.go:96.2,96.76 1 1
finance-ia/internal/interfaces/handlers/auth/auth_handler.go:96.76,102.3 2 0
finance-ia/internal/interfaces/handlers/auth/auth_handler.go:104.2,106.4 1 1
finance-ia/internal/interfaces/handlers/auth/auth_handler.go:109.46,111.22 2 0
finance-ia/internal/interfaces/handlers/auth/auth_handler.go:111.22,114.3 2 0
finance-ia/internal/interfaces/handlers/auth/auth_handler.go:116.2,117.48 2 0
finance-ia/internal/interfaces/handlers/auth/auth_handler.go:117.48,120.3 2 0
finance-ia/internal/interfaces/handlers/auth/auth_handler.go:122.2,122.68 1 0
finance-ia/internal/interfaces/handlers/auth/auth_handler.go:143.48,145.13 2 0
finance-ia/internal/interfaces/handlers/auth/auth_handler.go:145.13,148.3 2 0
finance-ia/internal/interfaces/handlers/auth/auth_handler.go:150.2,151.16 2 0
finance-ia/internal/interfaces/handlers/auth/auth_handler.go:151.16,154.3 2 0
finance-ia/internal/interfaces/handlers/auth/auth_handler.go:156.2,156.72 1 0
finance-ia/internal/interfaces/handlers/auth/auth_handler.go:159.49,161.13 2 0
finance-ia/internal/interfaces/handlers/auth/auth_handler.go:161.13,164.3 2 0
finance-ia/internal/interfaces/handlers/auth/auth_handler.go:166.2,169.47 2 0
finance-ia/internal/interfaces/handlers/auth/auth_handler.go:169.47,172.3 2 0
finance-ia/internal/interfaces/handlers/auth/auth_handler.go:174.2,174.70 1 0
finance-ia/internal/interfaces/handlers/auth/auth_handler.go:174.70,177.3 2 0
finance-ia/internal/interfaces/handlers/auth/auth_handler.go:179.2,179.69 1 0
finance-ia/internal/interfaces/handlers/auth/auth_handler.go:182.50,184.13 2 0
finance-ia/internal/interfaces/handlers/auth/auth_handler.go:184.13,187.3 2 0
finance-ia/internal/interfaces/handlers/auth/auth_handler.go:189.2,189.61 1 0
finance-ia/internal/interfaces/handlers/auth/auth_handler.go:189.61,192.3 2 0
finance-ia/internal/interfaces/handlers/auth/auth_handler.go:194.2,194.70 1 0
finance-ia/internal/interfaces/handlers/user/user_handler.go:15.56,17.2 1 8
finance-ia/internal/interfaces/handlers/user/user_handler.go:19.69,25.2 5 0
finance-ia/internal/interfaces/handlers/user/user_handler.go:27.48,34.47 2 2
finance-ia/internal/interfaces/handlers/user/user_handler.go:34.47,37.3 2 0
finance-ia/internal/interfaces/handlers/user/user_handler.go:39.2,40.16 2 2
finance-ia/internal/interfaces/handlers/user/user_handler.go:40.16,43.3 2 1
finance-ia/internal/interfaces/handlers/user/user_handler.go:45.2,46.16 2 1
finance-ia/internal/interfaces/handlers/user/user_handler.go:46.16,49.3 2 0
finance-ia/internal/interfaces/handlers/user/user_handler.go:50.2,50.34 1 1
finance-ia/internal/interfaces/handlers/user/user_handler.go:53.51,55.16 2 2
finance-ia/internal/interfaces/handlers/user/user_handler.go:55.16,58.3 2 0
finance-ia/internal/interfaces/handlers/user/user_handler.go:59.2,59.21 1 2
finance-ia/internal/interfaces/handlers/user/user_handler.go:59.21,62.3 2 2
finance-ia/internal/interfaces/handlers/user/user_handler.go:63.2,63.30 1 0
finance-ia/internal/interfaces/handlers/user/user_handler.go:66.51,69.16 3 2
finance-ia/internal/interfaces/handlers/user/user_handler.go:69.16,72.3 2 1
finance-ia/internal/interfaces/handlers/user/user_handler.go:73.2,74.16 2 1
finance-ia/internal/interfaces/handlers/user/user_handler.go:74.16,77.3 2 0
finance-ia/internal/interfaces/handlers/user/user_handler.go:78.2,78.29 1 1
finance-ia/internal/interfaces/handlers/user/user_handler.go:80.50,83.16 3 1
finance-ia/internal/interfaces/handlers/user/user_handler.go:83.16,86.3 2 0
finance-ia/internal/interfaces/handlers/user/user_handler.go:88.2,97.47 2 1
finance-ia/internal/interfaces/handlers/user/user_handler.go:97.47,100.3 2 0
finance-ia/internal/interfaces/handlers/user/user_handler.go:102.2,103.16 2 1
finance-ia/internal/interfaces/handlers/user/user_handler.go:103.16,106.3 2 0
finance-ia/internal/interfaces/handlers/user/user_handler.go:108.2,108.21 1 1
finance-ia/internal/interfaces/handlers/user/user_handler.go:108.21,110.3 1 0
finance-ia/internal/interfaces/handlers/user/user_handler.go:112.2,112.25 1 1
finance-ia/internal/interfaces/handlers/user/user_handler.go:112.25,114.3 1 0
finance-ia/internal/interfaces/handlers/user/user_handler.go:115.2,115.24 1 1
finance-ia/internal/interfaces/handlers/user/user_handler.go:115.24,117.3 1 0
finance-ia/internal/interfaces/handlers/user/user_handler.go:118.2,118.26 1 1
finance-ia/internal/interfaces/handlers/user/user_handler.go:118.26,120.3 1 0
finance-ia/internal/interfaces/handlers/user/user_handler.go:121.2,121.37 1 1
finance-ia/internal/interfaces/handlers/user/user_handler.go:121.37,123.3 1 0
finance-ia/internal/interfaces/handlers/user/user_handler.go:124.2,124.34 1 1
finance-ia/internal/interfaces/handlers/user/user_handler.go:124.34,125.35 1 0
finance-ia/internal/interfaces/handlers/user/user_handler.go:125.35,127.4 1 0
finance-ia/internal/interfaces/handlers/user/user_handler.go:127.9,129.18 2 0
finance-ia/internal/interfaces/handlers/user/user_handler.go:129.18,132.5 2 0
finance-ia/internal/interfaces/handlers/user/user_handler.go:133.4,133.43 1 0
finance-ia/internal/interfaces/handlers/user/user_handler.go:137.2,137.50 1 1
finance-ia/internal/interfaces/handlers/user/user_handler.go:137.50,140.3 2 0
finance-ia/internal/interfaces/handlers/user/user_handler.go:141.2,141.32 1 1
finance-ia/internal/interfaces/handlers/user/user_handler.go:144.50,147.16 3 1
finance-ia/internal/interfaces/handlers/user/user_handler.go:147.16,150.3 2 0
finance-ia/internal/interfaces/handlers/user/user_handler.go:152.2,153.16 2 1
finance-ia/internal/interfaces/handlers/user/user_handler.go:153.16,156.3 2 0
finance-ia/internal/interfaces/handlers/user/user_handler.go:158.2,158.50 1 1
finance-ia/internal/interfaces/handlers/user/user_handler.go:158.50,161.3 2 0
finance-ia/internal/interfaces/handlers/user/user_handler.go:162.2,162.87 1 1
